[0m18:34:34.459031 [debug] [MainThread]: Sending event: {'category': 'dbt', 'action': 'invocation', 'label': 'start', 'context': [<snowplow_tracker.self_describing_json.SelfDescribingJson object at 0x000002969274F110>, <snowplow_tracker.self_describing_json.SelfDescribingJson object at 0x00000296970368D0>, <snowplow_tracker.self_describing_json.SelfDescribingJson object at 0x0000029697037AD0>]}


============================== 18:34:34.465306 | 99fbe42b-edda-4c76-927d-2da8de958e42 ==============================
[0m18:34:34.465306 [info ] [MainThread]: Running with dbt=1.11.8
[0m18:34:34.467717 [debug] [MainThread]: running dbt with arguments {'version_check': 'True', 'no_print': 'None', 'static_parser': 'True', 'target_path': 'None', 'warn_error_options': 'WarnErrorOptionsV2(error=[], warn=[], silence=[])', 'printer_width': '80', 'write_json': 'True', 'introspect': 'True', 'log_cache_events': 'False', 'empty': 'None', 'cache_selected_only': 'False', 'fail_fast': 'False', 'debug': 'False', 'log_format': 'default', 'profiles_dir': 'C:\\Users\\saqui\\.dbt', 'send_anonymous_usage_stats': 'True', 'quiet': 'False', 'warn_error': 'None', 'partial_parse': 'True', 'indirect_selection': 'eager', 'invocation_command': 'dbt init tradeflow', 'use_colors': 'True', 'use_experimental_parser': 'False', 'log_path': 'logs'}
[0m18:34:34.495259 [info ] [MainThread]: Creating dbt configuration folder at C:\Users\saqui\.dbt
[0m18:34:34.503328 [debug] [MainThread]: Starter project path: C:\Users\saqui\Learning\Projects\Projects\Data Engineering\TradeFlow\venv\Lib\site-packages\dbt\include\starter_project
[0m18:34:34.631993 [info ] [MainThread]: 
Your new dbt project "tradeflow" was created!

For more information on how to configure the profiles.yml file,
please consult the dbt documentation here:

  https://docs.getdbt.com/docs/configure-your-profile

One more thing:

Need help? Don't hesitate to reach out to us via GitHub issues or on Slack:

  https://community.getdbt.com/

Happy modeling!

[0m18:34:34.640229 [info ] [MainThread]: Setting up your profile.
[0m18:34:50.853841 [debug] [MainThread]: Snowflake adapter: Setting snowflake.connector to ERROR (file logging only)
[0m18:34:50.854350 [debug] [MainThread]: Snowflake adapter: Setting botocore to ERROR (file logging only)
[0m18:34:50.854350 [debug] [MainThread]: Snowflake adapter: Setting boto3 to ERROR (file logging only)
[0m18:38:29.223389 [info ] [MainThread]: Profile tradeflow written to C:\Users\saqui\.dbt\profiles.yml using target's profile_template.yml and your supplied values. Run 'dbt debug' to validate the connection.
[0m18:38:29.223389 [debug] [MainThread]: Command `dbt init` succeeded at 18:38:29.223389 after 234.90 seconds
[0m18:38:29.223389 [debug] [MainThread]: Sending event: {'category': 'dbt', 'action': 'invocation', 'label': 'end', 'context': [<snowplow_tracker.self_describing_json.SelfDescribingJson object at 0x000002968F5214D0>, <snowplow_tracker.self_describing_json.SelfDescribingJson object at 0x0000029697053E10>, <snowplow_tracker.self_describing_json.SelfDescribingJson object at 0x0000029697053DD0>]}
[0m18:38:29.223389 [debug] [MainThread]: Flushing usage events
[0m18:38:29.582113 [debug] [MainThread]: An error was encountered while trying to flush usage events
[0m18:40:43.773709 [debug] [MainThread]: Sending event: {'category': 'dbt', 'action': 'invocation', 'label': 'start', 'context': [<snowplow_tracker.self_describing_json.SelfDescribingJson object at 0x0000018AFF4C7250>, <snowplow_tracker.self_describing_json.SelfDescribingJson object at 0x0000018AFF4C6A90>, <snowplow_tracker.self_describing_json.SelfDescribingJson object at 0x0000018AFF210390>]}


============================== 18:40:43.782249 | 186557e5-7b37-473c-87e9-d2d9a9b57020 ==============================
[0m18:40:43.782249 [info ] [MainThread]: Running with dbt=1.11.8
[0m18:40:43.782249 [debug] [MainThread]: running dbt with arguments {'static_parser': 'True', 'no_print': 'None', 'version_check': 'True', 'warn_error_options': 'WarnErrorOptionsV2(error=[], warn=[], silence=[])', 'target_path': 'None', 'printer_width': '80', 'write_json': 'True', 'empty': 'None', 'log_cache_events': 'False', 'introspect': 'True', 'cache_selected_only': 'False', 'log_format': 'default', 'debug': 'False', 'fail_fast': 'False', 'profiles_dir': 'C:\\Users\\saqui\\.dbt', 'send_anonymous_usage_stats': 'True', 'quiet': 'False', 'warn_error': 'None', 'partial_parse': 'True', 'invocation_command': 'dbt debug', 'indirect_selection': 'eager', 'use_colors': 'True', 'use_experimental_parser': 'False', 'log_path': 'logs'}
[0m18:40:43.809281 [info ] [MainThread]: dbt version: 1.11.8
[0m18:40:43.866903 [info ] [MainThread]: python version: 3.11.3
[0m18:40:43.870928 [info ] [MainThread]: python path: C:\Users\saqui\Learning\Projects\Projects\Data Engineering\TradeFlow\venv\Scripts\python.exe
[0m18:40:43.872683 [info ] [MainThread]: os info: Windows-10-10.0.26200-SP0
[0m18:40:44.564894 [debug] [MainThread]: Snowflake adapter: Setting snowflake.connector to ERROR (file logging only)
[0m18:40:44.565425 [debug] [MainThread]: Snowflake adapter: Setting botocore to ERROR (file logging only)
[0m18:40:44.565425 [debug] [MainThread]: Snowflake adapter: Setting boto3 to ERROR (file logging only)
[0m18:40:44.655080 [info ] [MainThread]: Using profiles dir at C:\Users\saqui\.dbt
[0m18:40:44.655080 [info ] [MainThread]: Using profiles.yml file at C:\Users\saqui\.dbt\profiles.yml
[0m18:40:44.657094 [info ] [MainThread]: Using dbt_project.yml file at C:\Users\saqui\Learning\Projects\Projects\Data Engineering\TradeFlow\dbt_project.yml
[0m18:40:44.658851 [info ] [MainThread]: adapter type: snowflake
[0m18:40:44.658851 [info ] [MainThread]: adapter version: 1.11.4
[0m18:40:44.660866 [info ] [MainThread]: Configuration:
[0m18:40:44.662035 [info ] [MainThread]:   profiles.yml file [[32mOK found and valid[0m]
[0m18:40:44.662035 [info ] [MainThread]:   dbt_project.yml file [[31mERROR not found[0m]
[0m18:40:44.662035 [info ] [MainThread]: Required dependencies:
[0m18:40:44.664049 [debug] [MainThread]: Executing "git --help"
[0m18:40:44.725625 [debug] [MainThread]: STDOUT: "b"usage: git [-v | --version] [-h | --help] [-C <path>] [-c <name>=<value>]\n           [--exec-path[=<path>]] [--html-path] [--man-path] [--info-path]\n           [-p | --paginate | -P | --no-pager] [--no-replace-objects] [--bare]\n           [--git-dir=<path>] [--work-tree=<path>] [--namespace=<name>]\n           [--super-prefix=<path>] [--config-env=<name>=<envvar>]\n           <command> [<args>]\n\nThese are common Git commands used in various situations:\n\nstart a working area (see also: git help tutorial)\n   clone     Clone a repository into a new directory\n   init      Create an empty Git repository or reinitialize an existing one\n\nwork on the current change (see also: git help everyday)\n   add       Add file contents to the index\n   mv        Move or rename a file, a directory, or a symlink\n   restore   Restore working tree files\n   rm        Remove files from the working tree and from the index\n\nexamine the history and state (see also: git help revisions)\n   bisect    Use binary search to find the commit that introduced a bug\n   diff      Show changes between commits, commit and working tree, etc\n   grep      Print lines matching a pattern\n   log       Show commit logs\n   show      Show various types of objects\n   status    Show the working tree status\n\ngrow, mark and tweak your common history\n   branch    List, create, or delete branches\n   commit    Record changes to the repository\n   merge     Join two or more development histories together\n   rebase    Reapply commits on top of another base tip\n   reset     Reset current HEAD to the specified state\n   switch    Switch branches\n   tag       Create, list, delete or verify a tag object signed with GPG\n\ncollaborate (see also: git help workflows)\n   fetch     Download objects and refs from another repository\n   pull      Fetch from and integrate with another repository or a local branch\n   push      Update remote refs along with associated objects\n\n'git help -a' and 'git help -g' list available subcommands and some\nconcept guides. See 'git help <command>' or 'git help <concept>'\nto read about a specific subcommand or concept.\nSee 'git help git' for an overview of the system.\n""
[0m18:40:44.725625 [debug] [MainThread]: STDERR: "b''"
[0m18:40:44.725625 [info ] [MainThread]:  - git [[32mOK found[0m]

[0m18:40:44.727643 [info ] [MainThread]: Connection:
[0m18:40:44.727643 [info ] [MainThread]:   account: NPC04073
[0m18:40:44.729664 [info ] [MainThread]:   user: saqsb
[0m18:40:44.729664 [info ] [MainThread]:   database: ecompulse
[0m18:40:44.731680 [info ] [MainThread]:   warehouse: COMPUTE_WH
[0m18:40:44.731680 [info ] [MainThread]:   role: Data Engineer
[0m18:40:44.731680 [info ] [MainThread]:   schema: staging
[0m18:40:44.734223 [info ] [MainThread]:   authenticator: None
[0m18:40:44.734755 [info ] [MainThread]:   oauth_client_id: None
[0m18:40:44.735917 [info ] [MainThread]:   query_tag: None
[0m18:40:44.735917 [info ] [MainThread]:   client_session_keep_alive: False
[0m18:40:44.735917 [info ] [MainThread]:   host: None
[0m18:40:44.737939 [info ] [MainThread]:   port: None
[0m18:40:44.737939 [info ] [MainThread]:   proxy_host: None
[0m18:40:44.737939 [info ] [MainThread]:   proxy_port: None
[0m18:40:44.739953 [info ] [MainThread]:   protocol: None
[0m18:40:44.740680 [info ] [MainThread]:   connect_retries: 1
[0m18:40:44.740680 [info ] [MainThread]:   connect_timeout: None
[0m18:40:44.742694 [info ] [MainThread]:   retry_on_database_errors: False
[0m18:40:44.742694 [info ] [MainThread]:   retry_all: False
[0m18:40:44.743804 [info ] [MainThread]:   insecure_mode: False
[0m18:40:44.743804 [info ] [MainThread]:   reuse_connections: True
[0m18:40:44.745814 [info ] [MainThread]:   s3_stage_vpce_dns_name: None
[0m18:40:44.746326 [info ] [MainThread]:   platform_detection_timeout_seconds: 0.0
[0m18:40:44.747511 [info ] [MainThread]: Registered adapter: snowflake=1.11.4
[0m18:40:45.147044 [debug] [MainThread]: Acquiring new snowflake connection 'debug'
[0m18:40:57.270802 [debug] [MainThread]: Using snowflake connection "debug"
[0m18:40:57.270802 [debug] [MainThread]: On debug: select 1 as id
[0m18:40:57.270802 [debug] [MainThread]: Opening a new connection, currently in state init
[0m18:40:58.595753 [debug] [MainThread]: Snowflake adapter: Error running SQL: select 1 as id
[0m18:40:58.595753 [debug] [MainThread]: Snowflake adapter: Rolling back transaction.
[0m18:40:58.600613 [info ] [MainThread]:   Connection test: [[31mERROR[0m]

[0m18:40:58.600613 [info ] [MainThread]: [31m2 checks failed:[0m
[0m18:40:58.600613 [info ] [MainThread]: Project loading failed for the following reason:
 project path <C:\Users\saqui\Learning\Projects\Projects\Data Engineering\TradeFlow\dbt_project.yml> not found

[0m18:40:58.608819 [info ] [MainThread]: dbt was unable to connect to the specified database.
The database returned the following error:

  >Database Error
  290404 (08001): 404 Not Found: post NPC04073.snowflakecomputing.com:443/session/v1/login-request

Check your database credentials and try again. For more information, visit:
https://docs.getdbt.com/docs/configure-your-profile


[0m18:40:58.608819 [debug] [MainThread]: Command `dbt debug` failed at 18:40:58.608819 after 14.97 seconds
[0m18:40:58.613428 [debug] [MainThread]: Connection 'debug' was left open.
[0m18:40:58.613428 [debug] [MainThread]: On debug: No close available on handle
[0m18:40:58.614565 [debug] [MainThread]: Sending event: {'category': 'dbt', 'action': 'invocation', 'label': 'end', 'context': [<snowplow_tracker.self_describing_json.SelfDescribingJson object at 0x0000018AFF463ED0>, <snowplow_tracker.self_describing_json.SelfDescribingJson object at 0x0000018AF893D890>, <snowplow_tracker.self_describing_json.SelfDescribingJson object at 0x0000018AF893D950>]}
[0m18:40:58.614565 [debug] [MainThread]: Flushing usage events
[0m18:40:59.010426 [debug] [MainThread]: An error was encountered while trying to flush usage events
[0m18:43:48.944603 [debug] [MainThread]: Sending event: {'category': 'dbt', 'action': 'invocation', 'label': 'start', 'context': [<snowplow_tracker.self_describing_json.SelfDescribingJson object at 0x000001C655B675D0>, <snowplow_tracker.self_describing_json.SelfDescribingJson object at 0x000001C6558EA990>, <snowplow_tracker.self_describing_json.SelfDescribingJson object at 0x000001C656C39CD0>]}


============================== 18:43:48.965223 | 2885948f-3306-4527-a336-608d991c4184 ==============================
[0m18:43:48.965223 [info ] [MainThread]: Running with dbt=1.11.8
[0m18:43:48.966233 [debug] [MainThread]: running dbt with arguments {'version_check': 'True', 'no_print': 'None', 'static_parser': 'True', 'warn_error_options': 'WarnErrorOptionsV2(error=[], warn=[], silence=[])', 'target_path': 'None', 'printer_width': '80', 'write_json': 'True', 'introspect': 'True', 'log_cache_events': 'False', 'empty': 'None', 'cache_selected_only': 'False', 'log_format': 'default', 'debug': 'False', 'fail_fast': 'False', 'partial_parse': 'True', 'send_anonymous_usage_stats': 'True', 'quiet': 'False', 'warn_error': 'None', 'profiles_dir': 'C:\\Users\\saqui\\.dbt', 'use_colors': 'True', 'indirect_selection': 'eager', 'invocation_command': 'dbt debug', 'use_experimental_parser': 'False', 'log_path': 'logs'}
[0m18:43:49.008890 [info ] [MainThread]: dbt version: 1.11.8
[0m18:43:49.012356 [info ] [MainThread]: python version: 3.11.3
[0m18:43:49.012356 [info ] [MainThread]: python path: C:\Users\saqui\Learning\Projects\Projects\Data Engineering\TradeFlow\venv\Scripts\python.exe
[0m18:43:49.012356 [info ] [MainThread]: os info: Windows-10-10.0.26200-SP0
[0m18:43:49.873212 [debug] [MainThread]: Snowflake adapter: Setting snowflake.connector to ERROR (file logging only)
[0m18:43:49.873212 [debug] [MainThread]: Snowflake adapter: Setting botocore to ERROR (file logging only)
[0m18:43:49.881277 [debug] [MainThread]: Snowflake adapter: Setting boto3 to ERROR (file logging only)
[0m18:43:49.996668 [info ] [MainThread]: Using profiles dir at C:\Users\saqui\.dbt
[0m18:43:49.996668 [info ] [MainThread]: Using profiles.yml file at C:\Users\saqui\.dbt\profiles.yml
[0m18:43:49.996668 [info ] [MainThread]: Using dbt_project.yml file at C:\Users\saqui\Learning\Projects\Projects\Data Engineering\TradeFlow\dbt_project.yml
[0m18:43:49.996668 [info ] [MainThread]: adapter type: snowflake
[0m18:43:50.006415 [info ] [MainThread]: adapter version: 1.11.4
[0m18:43:50.011184 [info ] [MainThread]: Configuration:
[0m18:43:50.011184 [info ] [MainThread]:   profiles.yml file [[32mOK found and valid[0m]
[0m18:43:50.013147 [info ] [MainThread]:   dbt_project.yml file [[31mERROR not found[0m]
[0m18:43:50.015155 [info ] [MainThread]: Required dependencies:
[0m18:43:50.015894 [debug] [MainThread]: Executing "git --help"
[0m18:43:50.080260 [debug] [MainThread]: STDOUT: "b"usage: git [-v | --version] [-h | --help] [-C <path>] [-c <name>=<value>]\n           [--exec-path[=<path>]] [--html-path] [--man-path] [--info-path]\n           [-p | --paginate | -P | --no-pager] [--no-replace-objects] [--bare]\n           [--git-dir=<path>] [--work-tree=<path>] [--namespace=<name>]\n           [--super-prefix=<path>] [--config-env=<name>=<envvar>]\n           <command> [<args>]\n\nThese are common Git commands used in various situations:\n\nstart a working area (see also: git help tutorial)\n   clone     Clone a repository into a new directory\n   init      Create an empty Git repository or reinitialize an existing one\n\nwork on the current change (see also: git help everyday)\n   add       Add file contents to the index\n   mv        Move or rename a file, a directory, or a symlink\n   restore   Restore working tree files\n   rm        Remove files from the working tree and from the index\n\nexamine the history and state (see also: git help revisions)\n   bisect    Use binary search to find the commit that introduced a bug\n   diff      Show changes between commits, commit and working tree, etc\n   grep      Print lines matching a pattern\n   log       Show commit logs\n   show      Show various types of objects\n   status    Show the working tree status\n\ngrow, mark and tweak your common history\n   branch    List, create, or delete branches\n   commit    Record changes to the repository\n   merge     Join two or more development histories together\n   rebase    Reapply commits on top of another base tip\n   reset     Reset current HEAD to the specified state\n   switch    Switch branches\n   tag       Create, list, delete or verify a tag object signed with GPG\n\ncollaborate (see also: git help workflows)\n   fetch     Download objects and refs from another repository\n   pull      Fetch from and integrate with another repository or a local branch\n   push      Update remote refs along with associated objects\n\n'git help -a' and 'git help -g' list available subcommands and some\nconcept guides. See 'git help <command>' or 'git help <concept>'\nto read about a specific subcommand or concept.\nSee 'git help git' for an overview of the system.\n""
[0m18:43:50.080260 [debug] [MainThread]: STDERR: "b''"
[0m18:43:50.086941 [info ] [MainThread]:  - git [[32mOK found[0m]

[0m18:43:50.087955 [info ] [MainThread]: Connection:
[0m18:43:50.087955 [info ] [MainThread]:   account: FZMRNVA-NPC04073
[0m18:43:50.087955 [info ] [MainThread]:   user: saqsb
[0m18:43:50.087955 [info ] [MainThread]:   database: ecompulse
[0m18:43:50.087955 [info ] [MainThread]:   warehouse: COMPUTE_WH
[0m18:43:50.087955 [info ] [MainThread]:   role: Data Engineer
[0m18:43:50.087955 [info ] [MainThread]:   schema: staging
[0m18:43:50.087955 [info ] [MainThread]:   authenticator: None
[0m18:43:50.096005 [info ] [MainThread]:   oauth_client_id: None
[0m18:43:50.096005 [info ] [MainThread]:   query_tag: None
[0m18:43:50.096005 [info ] [MainThread]:   client_session_keep_alive: False
[0m18:43:50.096005 [info ] [MainThread]:   host: None
[0m18:43:50.096005 [info ] [MainThread]:   port: None
[0m18:43:50.096005 [info ] [MainThread]:   proxy_host: None
[0m18:43:50.096005 [info ] [MainThread]:   proxy_port: None
[0m18:43:50.096005 [info ] [MainThread]:   protocol: None
[0m18:43:50.096005 [info ] [MainThread]:   connect_retries: 1
[0m18:43:50.096005 [info ] [MainThread]:   connect_timeout: None
[0m18:43:50.104128 [info ] [MainThread]:   retry_on_database_errors: False
[0m18:43:50.105065 [info ] [MainThread]:   retry_all: False
[0m18:43:50.105065 [info ] [MainThread]:   insecure_mode: False
[0m18:43:50.106768 [info ] [MainThread]:   reuse_connections: True
[0m18:43:50.106768 [info ] [MainThread]:   s3_stage_vpce_dns_name: None
[0m18:43:50.106768 [info ] [MainThread]:   platform_detection_timeout_seconds: 0.0
[0m18:43:50.106768 [info ] [MainThread]: Registered adapter: snowflake=1.11.4
[0m18:43:50.512043 [debug] [MainThread]: Acquiring new snowflake connection 'debug'
[0m18:43:50.613890 [debug] [MainThread]: Using snowflake connection "debug"
[0m18:43:50.613890 [debug] [MainThread]: On debug: select 1 as id
[0m18:43:50.613890 [debug] [MainThread]: Opening a new connection, currently in state init
[0m18:43:52.148552 [debug] [MainThread]: Snowflake adapter: Error running SQL: select 1 as id
[0m18:43:52.151077 [debug] [MainThread]: Snowflake adapter: Rolling back transaction.
[0m18:43:52.151077 [info ] [MainThread]:   Connection test: [[31mERROR[0m]

[0m18:43:52.151077 [info ] [MainThread]: [31m2 checks failed:[0m
[0m18:43:52.151077 [info ] [MainThread]: Project loading failed for the following reason:
 project path <C:\Users\saqui\Learning\Projects\Projects\Data Engineering\TradeFlow\dbt_project.yml> not found

[0m18:43:52.151077 [info ] [MainThread]: dbt was unable to connect to the specified database.
The database returned the following error:

  >Database Error
  250001 (08001): Failed to connect to DB: FZMRNVA-NPC04073.snowflakecomputing.com:443. Failed to authenticate: MFA authentication is required, but none of your current MFA methods are supported for programmatic authentication.

Check your database credentials and try again. For more information, visit:
https://docs.getdbt.com/docs/configure-your-profile


[0m18:43:52.151077 [debug] [MainThread]: Command `dbt debug` failed at 18:43:52.151077 after 3.38 seconds
[0m18:43:52.151077 [debug] [MainThread]: Connection 'debug' was left open.
[0m18:43:52.151077 [debug] [MainThread]: On debug: No close available on handle
[0m18:43:52.151077 [debug] [MainThread]: Sending event: {'category': 'dbt', 'action': 'invocation', 'label': 'end', 'context': [<snowplow_tracker.self_describing_json.SelfDescribingJson object at 0x000001C656C83B90>, <snowplow_tracker.self_describing_json.SelfDescribingJson object at 0x000001C6582288D0>, <snowplow_tracker.self_describing_json.SelfDescribingJson object at 0x000001C656C83C10>]}
[0m18:43:52.151077 [debug] [MainThread]: Flushing usage events
[0m18:43:52.557114 [debug] [MainThread]: An error was encountered while trying to flush usage events
[0m11:27:23.265251 [debug] [MainThread]: Sending event: {'category': 'dbt', 'action': 'invocation', 'label': 'start', 'context': [<snowplow_tracker.self_describing_json.SelfDescribingJson object at 0x0000020DA9E43310>, <snowplow_tracker.self_describing_json.SelfDescribingJson object at 0x0000020DAAEEB610>, <snowplow_tracker.self_describing_json.SelfDescribingJson object at 0x0000020DAAED9A50>]}


============================== 11:27:23.274514 | 15150e2f-33a4-4563-87f0-dc5eb79f13c0 ==============================
[0m11:27:23.274514 [info ] [MainThread]: Running with dbt=1.11.8
[0m11:27:23.276515 [debug] [MainThread]: running dbt with arguments {'version_check': 'True', 'no_print': 'None', 'static_parser': 'True', 'target_path': 'None', 'warn_error_options': 'WarnErrorOptionsV2(error=[], warn=[], silence=[])', 'printer_width': '80', 'write_json': 'True', 'introspect': 'True', 'log_cache_events': 'False', 'empty': 'False', 'cache_selected_only': 'False', 'log_format': 'default', 'debug': 'False', 'fail_fast': 'False', 'partial_parse': 'True', 'send_anonymous_usage_stats': 'True', 'quiet': 'False', 'warn_error': 'None', 'profiles_dir': 'C:\\Users\\saqui\\.dbt', 'indirect_selection': 'eager', 'invocation_command': 'dbt run --select stg_products', 'use_colors': 'True', 'use_experimental_parser': 'False', 'log_path': 'logs'}
[0m11:27:23.276515 [error] [MainThread]: Encountered an error:
Runtime Error
  No dbt_project.yml found at expected path C:\Users\saqui\Learning\Projects\Projects\Data Engineering\TradeFlow\dbt_project.yml
  Verify that each entry within packages.yml (and their transitive dependencies) contains a file named dbt_project.yml
  
[0m11:27:23.279038 [debug] [MainThread]: Command `dbt run` failed at 11:27:23.279038 after 0.21 seconds
[0m11:27:23.281035 [debug] [MainThread]: Sending event: {'category': 'dbt', 'action': 'invocation', 'label': 'end', 'context': [<snowplow_tracker.self_describing_json.SelfDescribingJson object at 0x0000020DAAEFFE50>, <snowplow_tracker.self_describing_json.SelfDescribingJson object at 0x0000020DAAEAD610>, <snowplow_tracker.self_describing_json.SelfDescribingJson object at 0x0000020DA9E42E50>]}
[0m11:27:23.281445 [debug] [MainThread]: Flushing usage events
[0m11:27:24.196897 [debug] [MainThread]: An error was encountered while trying to flush usage events
